TSOF01.ASM                             XA6301 ASSEMBLER V3.1                             05/JAN/2025 19:20:52  PAGE:    1

 1                                      /****************************************************************/
 2                                      /*								*/
 3                                      /*	Top Slot OFF						*/
 4                                      /*	(c) NotForPurpose					*/
 5                                      /*								*/
 6                                      /*								*/
 7                                      /*		Rev 0.10	22/12/2024			*/
 8                                      /*								*/
 9                                      /****************************************************************/
 10                                     ;
 11                                     #include "osvars.inc"
#1                                      /******************************************************************************/
#2                                      /*								    	      */
#3                                      /*    written on..........28/OCT/85					      */
#4                                      /*    written by..........BILL					  	      */
#5                                      /*    version no..........1.0						      */
#6                                      /*									      */
#7                                      /*    Contains the MKII operating system variables.			      */
#8                                      /******************************************************************************/
#9                                      
#10                                     	.list
 17                                     #include "swi.inc"
#1                                      /******************************************************************************/
#2                                      /*								    	      */
#3                                      /*    written on..........28/OCT/85					      */
#4                                      /*    written by..........BILL					  	      */
#5                                      /*    version no..........1.0						      */
#6                                      /*									      */
#7                                      /*    Contains the MK2 SWI's.						      */
#8                                      /******************************************************************************/
#9                                      	.list
 19                                     
 20    0000 ->00000000                  	.org 000
 21                                     	.radix 10
 22                                     ;
 23                                     ;
 24    0000                             start:
 25    0000 86 00                       	lda	a,#^x00		; Value to be written to PORT 2
 26    0002 97 03                       	sta	a,POB_PORT2:	; Write 0 to PORT 2 - Set Data Lines Low
 27    0004 71 FC 01                           	aim 	#^xFC,POB_DDR2: ; Set Top Slot to Input
 28    0007 C6 03                       	lda     b,#^x03	        ; Pack 3
 29                                     	os      PK$PKOF         ; Select the pack
 <1    0009 3F 5B                       	.byte	^X3F,PK$PKOF
 <2                                     .endm
 30    000B CE 20C1                     	ldx     #kbb_pkof       ; Load x register with address
 31    000E 86 01                       	lda     a,#^x01	        ; Load a with mode i.e. always on
 32    0010 A7 00                       	sta     a,^x00,x	; Write pack always on
 33                                           		
 34                                     ;
 35                                     ;	Top slot is now powered off
 36                                     ;       Note the kbb_pkof location set to 1 signifying packs may be powered down
 37                                     
 38    0012 39                          	rts			; return to OPL
 39                                     ;
 40                                     .end

                WARNINGS  = 0
                ERRORS    = 0
                PACK SIZE = 19
